<?xml version="1.0" encoding="UTF-8"?>
<!-- Generated by org.testng.reporters.JUnitXMLReporter -->
<testsuite ignored="1" hostname="DESKTOP-OJHBI4D" failures="0" tests="7" name="Test" time="29.91" errors="0" timestamp="2023-11-16T11:34:19 IST">
  <testcase classname="selenium.DataProviderDemo" name="print" time="0.033"/>
  <testcase classname="selenium.DataProviderDemo" name="print" time="0.009"/>
  <testcase classname="selenium.DataProviderDemo" name="print" time="0.007"/>
  <testcase classname="selenium.BasicSelDemo" name="print" time="13.196"/>
  <testcase classname="selenium.DownloadFile" name="download" time="14.608"/>
  <testcase classname="selenium.PopUp" name="all" time="13.58"/>
  <testcase classname="selenium.UploadAFile" name="upload" time="15.053"/>
  <testcase classname="selenium.PopUp" name="demo" time="0.0">
    <ignored/>
  </testcase> <!-- demo -->
</testsuite> <!-- Test -->
